2018-01-09 16:14:26,434 INFO  [Regression_Acceptance] Enter in website 
2018-01-09 16:14:29,994 INFO  [Regression_Acceptance] login sucessfull 
2018-01-09 16:15:46,193 INFO  [Regression_Acceptance] Click on home button from menubar 
2018-01-09 16:15:48,382 INFO  [Regression_Acceptance] logout successfully 
2018-01-09 16:23:26,469 INFO  [Regression_Acceptance] Enter in website 
2018-01-09 16:23:30,047 INFO  [Regression_Acceptance] login sucessfull 
2018-01-09 16:24:29,006 INFO  [Regression_Acceptance] Click on home button from menubar 
2018-01-09 16:24:31,204 INFO  [Regression_Acceptance] logout successfully 
2018-01-09 17:36:24,799 INFO  [Regression_Acceptance] Enter in website 
2018-01-09 17:36:28,546 INFO  [Regression_Acceptance] login sucessfull 
2018-01-09 17:37:32,753 INFO  [Regression_Acceptance] Click on home button from menubar 
2018-01-09 17:37:35,198 INFO  [Regression_Acceptance] open company list page 
2018-01-09 17:37:37,198 INFO  [Regression_Acceptance] open:->open_Companylist  
2018-01-09 17:37:39,907 INFO  [Regression_Acceptance] mycar page open 
2018-01-09 17:37:41,924 INFO  [Regression_Acceptance] open:->mycar 
2018-01-09 17:37:42,109 INFO  [Regression_Acceptance] payment page is open 
2018-01-09 17:38:00,331 INFO  [Regression_Acceptance] select all radio button and select search button also click on pdf button as well as download invoice 
2018-01-09 17:38:00,334 INFO  [Regression_Acceptance] open:->Betalingen_payment 
2018-01-09 17:38:01,692 INFO  [Regression_Acceptance] logout successfully 
2018-01-09 18:00:37,080 INFO  [Regression_Acceptance] Enter in website 
2018-01-09 18:00:40,843 INFO  [Regression_Acceptance] login sucessfull 
2018-01-09 18:20:18,351 INFO  [Regression_Acceptance] Enter in website 
2018-01-09 18:20:22,018 INFO  [Regression_Acceptance] login sucessfull 
2018-01-09 18:21:16,732 INFO  [Regression_Acceptance] Click on home button from menubar 
2018-01-09 18:21:19,133 INFO  [Regression_Acceptance] open system log 
2018-01-09 18:21:23,050 INFO  [Regression_Acceptance] logout successfully 
2018-01-09 18:22:01,342 INFO  [Regression_Acceptance] Enter in website 
2018-01-09 18:22:04,910 INFO  [Regression_Acceptance] login sucessfull 
2018-01-09 18:23:06,132 INFO  [Regression_Acceptance] Click on home button from menubar 
2018-01-09 18:23:08,660 INFO  [Regression_Acceptance] open system log 
2018-01-09 18:23:12,975 INFO  [Regression_Acceptance] logout successfully 
2018-01-09 18:39:52,557 INFO  [Regression_Acceptance] Enter in website 
2018-01-09 18:39:56,243 INFO  [Regression_Acceptance] login sucessfull 
2018-01-09 18:40:57,680 INFO  [Regression_Acceptance] Click on home button from menubar 
2018-01-09 18:41:00,268 INFO  [Regression_Acceptance] open company list page 
2018-01-09 18:41:02,281 INFO  [Regression_Acceptance] open:->open_Companylist  
2018-01-09 18:41:04,217 INFO  [Regression_Acceptance] mycar page open 
2018-01-09 18:41:06,218 INFO  [Regression_Acceptance] open:->mycar 
2018-01-09 18:41:06,401 INFO  [Regression_Acceptance] payment page is open 
2018-01-09 18:41:24,283 INFO  [Regression_Acceptance] select all radio button and select search button also click on pdf button as well as download invoice 
2018-01-09 18:41:24,283 INFO  [Regression_Acceptance] open:->Betalingen_payment 
2018-01-09 18:41:24,824 INFO  [Regression_Acceptance] open system log 
2018-01-09 18:44:43,346 INFO  [Regression_Acceptance] Enter in website 
2018-01-09 18:44:46,886 INFO  [Regression_Acceptance] login sucessfull 
2018-01-09 18:45:51,126 INFO  [Regression_Acceptance] Click on home button from menubar 
2018-01-09 18:45:53,568 INFO  [Regression_Acceptance] open system log 
2018-01-09 18:48:48,313 INFO  [Regression_Acceptance] Enter in website 
2018-01-09 18:48:52,105 INFO  [Regression_Acceptance] login sucessfull 
2018-01-09 18:49:48,259 INFO  [Regression_Acceptance] Click on home button from menubar 
2018-01-09 18:49:50,679 INFO  [Regression_Acceptance] open system log 
2018-01-09 18:50:01,751 INFO  [Regression_Acceptance] open:-> Syatemlog 
2018-01-09 18:50:02,010 INFO  [Regression_Acceptance] logout successfully 
2018-01-10 12:53:58,748 INFO  [Regression_Acceptance] Enter in website 
2018-01-10 12:54:04,039 INFO  [Regression_Acceptance] login sucessfull 
2018-01-10 12:55:02,819 INFO  [Regression_Acceptance] Click on home button from menubar 
2018-01-10 12:57:03,080 INFO  [Regression_Acceptance] Enter in website 
2018-01-10 12:57:06,807 INFO  [Regression_Acceptance] login sucessfull 
2018-01-10 12:57:39,735 INFO  [Regression_Acceptance] open system log 
2018-01-10 12:58:07,370 INFO  [Regression_Acceptance] No Error Data Found 
2018-01-10 12:58:07,370 INFO  [Regression_Acceptance] open:-> Syatemlog 
2018-01-10 12:58:07,539 INFO  [Regression_Acceptance] logout successfully 
2018-01-10 13:00:14,324 INFO  [Regression_Acceptance] Enter in website 
2018-01-10 13:00:18,124 INFO  [Regression_Acceptance] login sucessfull 
2018-01-10 13:00:48,701 INFO  [Regression_Acceptance] open system log 
2018-01-10 13:01:16,088 INFO  [Regression_Acceptance] No Error Data Found 
2018-01-10 13:01:16,088 INFO  [Regression_Acceptance] open:-> Syatemlog 
2018-01-10 13:01:16,267 INFO  [Regression_Acceptance] logout successfully 
2018-01-10 13:02:26,015 INFO  [Regression_Acceptance] Enter in website 
2018-01-10 13:02:30,435 INFO  [Regression_Acceptance] login sucessfull 
2018-01-10 13:03:01,170 INFO  [Regression_Acceptance] open system log 
2018-01-10 13:03:28,547 INFO  [Regression_Acceptance] No Error Data Found 
2018-01-10 13:03:28,547 INFO  [Regression_Acceptance] open:-> Syatemlog 
2018-01-10 13:15:22,482 INFO  [Regression_Acceptance] Enter in website 
2018-01-10 13:15:26,605 INFO  [Regression_Acceptance] login sucessfull 
2018-01-10 13:15:56,025 INFO  [Regression_Acceptance] open system log 
2018-01-10 13:16:23,508 INFO  [Regression_Acceptance] open:-> Syatemlog 
2018-01-10 14:53:49,064 INFO  [Regression_Acceptance] Enter in website 
2018-01-10 14:53:52,717 INFO  [Regression_Acceptance] login sucessfull 
2018-01-10 14:54:00,717 INFO  [Regression_Acceptance] open:-> Syatemlog 
2018-01-10 14:54:34,775 INFO  [Regression_Acceptance] open system log 
2018-01-10 14:55:02,153 INFO  [Regression_Acceptance] No Error Data Found 
2018-01-10 15:09:52,275 INFO  [Regression_Acceptance] Enter in website 
2018-01-10 15:09:55,953 INFO  [Regression_Acceptance] login sucessfull 
2018-01-10 15:10:03,954 INFO  [Regression_Acceptance] open:-> Syatemlog 
2018-01-10 15:10:21,762 INFO  [Regression_Acceptance] open system log 
2018-01-10 15:12:52,042 INFO  [Regression_Acceptance] Enter in website 
2018-01-10 15:12:55,966 INFO  [Regression_Acceptance] login sucessfull 
2018-01-10 15:13:03,966 INFO  [Regression_Acceptance] open:-> Syatemlog 
2018-01-10 15:13:22,109 INFO  [Regression_Acceptance] open system log 
2018-01-10 15:13:49,631 INFO  [Regression_Acceptance] Error on Last Page 
2018-01-10 15:14:36,443 INFO  [Regression_Acceptance] Enter in website 
2018-01-10 15:14:40,081 INFO  [Regression_Acceptance] login sucessfull 
2018-01-10 15:14:48,082 INFO  [Regression_Acceptance] open:-> Syatemlog 
2018-01-10 15:15:05,973 INFO  [Regression_Acceptance] open system log 
2018-01-10 15:15:33,564 INFO  [Regression_Acceptance] Error on Last Page 
2018-01-10 15:19:06,203 INFO  [Regression_Acceptance] Enter in website 
2018-01-10 15:19:10,246 INFO  [Regression_Acceptance] login sucessfull 
